# JRE version: Java(TM) SE Runtime Environment (8.0_191-b12) (build 1.8.0_191-b12)
# Java VM: Java HotSpot(TM) 64-Bit Server VM (25.191-b12 mixed mode windows-amd64 compressed oops)
Heap:
 PSYoungGen      total 199168K, used 87842K [0x00000000d5f00000, 0x00000000e5580000, 0x0000000100000000)
  eden space 182272K, 48% used [0x00000000d5f00000,0x00000000db4c8970,0x00000000e1100000)
  from space 16896K, 0% used [0x00000000e1100000,0x00000000e1100000,0x00000000e2180000)
  to   space 16896K, 0% used [0x00000000e4500000,0x00000000e4500000,0x00000000e5580000)
 ParOldGen       total 78336K, used 24600K [0x0000000081c00000, 0x0000000086880000, 0x00000000d5f00000)
  object space 78336K, 31% used [0x0000000081c00000,0x00000000834061d0,0x0000000086880000)
 Metaspace       used 37977K, capacity 39168K, committed 39424K, reserved 1083392K
  class space    used 4777K, capacity 5065K, committed 5120K, reserved 1048576K
GC Heap History (10 events):
Event: 2.268 GC heap before
{Heap before GC invocations=7 (full 1):
 PSYoungGen      total 150016K, used 6023K [0x00000000d5f00000, 0x00000000e0300000, 0x0000000100000000)
  eden space 133120K, 0% used [0x00000000d5f00000,0x00000000d5f00000,0x00000000de100000)
  from space 16896K, 35% used [0x00000000df280000,0x00000000df861c30,0x00000000e0300000)
  to   space 17408K, 0% used [0x00000000de100000,0x00000000de100000,0x00000000df200000)
 ParOldGen       total 87552K, used 22787K [0x0000000081c00000, 0x0000000087180000, 0x00000000d5f00000)
  object space 87552K, 26% used [0x0000000081c00000,0x0000000083240f98,0x0000000087180000)
 Metaspace       used 20719K, capacity 21148K, committed 21248K, reserved 1067008K
  class space    used 2603K, capacity 2746K, committed 2816K, reserved 1048576K
Event: 2.380 GC heap after
Heap after GC invocations=7 (full 1):
 PSYoungGen      total 150016K, used 0K [0x00000000d5f00000, 0x00000000e0300000, 0x0000000100000000)
  eden space 133120K, 0% used [0x00000000d5f00000,0x00000000d5f00000,0x00000000de100000)
  from space 16896K, 0% used [0x00000000df280000,0x00000000df280000,0x00000000e0300000)
  to   space 17408K, 0% used [0x00000000de100000,0x00000000de100000,0x00000000df200000)
 ParOldGen       total 78336K, used 14405K [0x0000000081c00000, 0x0000000086880000, 0x00000000d5f00000)
  object space 78336K, 18% used [0x0000000081c00000,0x0000000082a11750,0x0000000086880000)
 Metaspace       used 20717K, capacity 21142K, committed 21248K, reserved 1067008K
  class space    used 2602K, capacity 2745K, committed 2816K, reserved 1048576K
}
Event: 3.095 GC heap before
{Heap before GC invocations=8 (full 1):
 PSYoungGen      total 150016K, used 133120K [0x00000000d5f00000, 0x00000000e0300000, 0x0000000100000000)
  eden space 133120K, 100% used [0x00000000d5f00000,0x00000000de100000,0x00000000de100000)
  from space 16896K, 0% used [0x00000000df280000,0x00000000df280000,0x00000000e0300000)
  to   space 17408K, 0% used [0x00000000de100000,0x00000000de100000,0x00000000df200000)
 ParOldGen       total 78336K, used 14405K [0x0000000081c00000, 0x0000000086880000, 0x00000000d5f00000)
  object space 78336K, 18% used [0x0000000081c00000,0x0000000082a11750,0x0000000086880000)
 Metaspace       used 28029K, capacity 28670K, committed 28928K, reserved 1075200K
  class space    used 3540K, capacity 3723K, committed 3840K, reserved 1048576K
Event: 3.103 GC heap after
Heap after GC invocations=8 (full 1):
 PSYoungGen      total 150528K, used 8830K [0x00000000d5f00000, 0x00000000e3580000, 0x0000000100000000)
  eden space 133120K, 0% used [0x00000000d5f00000,0x00000000d5f00000,0x00000000de100000)
  from space 17408K, 50% used [0x00000000de100000,0x00000000de99fa50,0x00000000df200000)
  to   space 16384K, 0% used [0x00000000e2580000,0x00000000e2580000,0x00000000e3580000)
 ParOldGen       total 78336K, used 14413K [0x0000000081c00000, 0x0000000086880000, 0x00000000d5f00000)
  object space 78336K, 18% used [0x0000000081c00000,0x0000000082a13750,0x0000000086880000)
 Metaspace       used 28029K, capacity 28670K, committed 28928K, reserved 1075200K
  class space    used 3540K, capacity 3723K, committed 3840K, reserved 1048576K
}
Event: 4.233 GC heap before
{Heap before GC invocations=9 (full 1):
 PSYoungGen      total 150528K, used 141950K [0x00000000d5f00000, 0x00000000e3580000, 0x0000000100000000)
  eden space 133120K, 100% used [0x00000000d5f00000,0x00000000de100000,0x00000000de100000)
  from space 17408K, 50% used [0x00000000de100000,0x00000000de99fa50,0x00000000df200000)
  to   space 16384K, 0% used [0x00000000e2580000,0x00000000e2580000,0x00000000e3580000)
 ParOldGen       total 78336K, used 14413K [0x0000000081c00000, 0x0000000086880000, 0x00000000d5f00000)
  object space 78336K, 18% used [0x0000000081c00000,0x0000000082a13750,0x0000000086880000)
 Metaspace       used 31318K, capacity 32100K, committed 32384K, reserved 1077248K
  class space    used 3921K, capacity 4133K, committed 4224K, reserved 1048576K
Event: 4.249 GC heap after
Heap after GC invocations=9 (full 1):
 PSYoungGen      total 195072K, used 11765K [0x00000000d5f00000, 0x00000000e3200000, 0x0000000100000000)
  eden space 182272K, 0% used [0x00000000d5f00000,0x00000000d5f00000,0x00000000e1100000)
  from space 12800K, 91% used [0x00000000e2580000,0x00000000e30fd458,0x00000000e3200000)
  to   space 16896K, 0% used [0x00000000e1100000,0x00000000e1100000,0x00000000e2180000)
 ParOldGen       total 78336K, used 14421K [0x0000000081c00000, 0x0000000086880000, 0x00000000d5f00000)
  object space 78336K, 18% used [0x0000000081c00000,0x0000000082a15750,0x0000000086880000)
 Metaspace       used 31318K, capacity 32100K, committed 32384K, reserved 1077248K
  class space    used 3921K, capacity 4133K, committed 4224K, reserved 1048576K
}
Event: 5.151 GC heap before
{Heap before GC invocations=10 (full 1):
 PSYoungGen      total 195072K, used 95486K [0x00000000d5f00000, 0x00000000e3200000, 0x0000000100000000)
  eden space 182272K, 45% used [0x00000000d5f00000,0x00000000db0c2798,0x00000000e1100000)
  from space 12800K, 91% used [0x00000000e2580000,0x00000000e30fd458,0x00000000e3200000)
  to   space 16896K, 0% used [0x00000000e1100000,0x00000000e1100000,0x00000000e2180000)
 ParOldGen       total 78336K, used 14421K [0x0000000081c00000, 0x0000000086880000, 0x00000000d5f00000)
  object space 78336K, 18% used [0x0000000081c00000,0x0000000082a15750,0x0000000086880000)
 Metaspace       used 34302K, capacity 35320K, committed 35416K, reserved 1081344K
  class space    used 4330K, capacity 4557K, committed 4608K, reserved 1048576K
Event: 5.160 GC heap after
Heap after GC invocations=10 (full 1):
 PSYoungGen      total 199168K, used 11289K [0x00000000d5f00000, 0x00000000e5580000, 0x0000000100000000)
  eden space 182272K, 0% used [0x00000000d5f00000,0x00000000d5f00000,0x00000000e1100000)
  from space 16896K, 66% used [0x00000000e1100000,0x00000000e1c06400,0x00000000e2180000)
  to   space 16896K, 0% used [0x00000000e4500000,0x00000000e4500000,0x00000000e5580000)
 ParOldGen       total 78336K, used 14429K [0x0000000081c00000, 0x0000000086880000, 0x00000000d5f00000)
  object space 78336K, 18% used [0x0000000081c00000,0x0000000082a17750,0x0000000086880000)
 Metaspace       used 34302K, capacity 35320K, committed 35416K, reserved 1081344K
  class space    used 4330K, capacity 4557K, committed 4608K, reserved 1048576K
}
Event: 5.160 GC heap before
{Heap before GC invocations=11 (full 2):
 PSYoungGen      total 199168K, used 11289K [0x00000000d5f00000, 0x00000000e5580000, 0x0000000100000000)
  eden space 182272K, 0% used [0x00000000d5f00000,0x00000000d5f00000,0x00000000e1100000)
  from space 16896K, 66% used [0x00000000e1100000,0x00000000e1c06400,0x00000000e2180000)
  to   space 16896K, 0% used [0x00000000e4500000,0x00000000e4500000,0x00000000e5580000)
 ParOldGen       total 78336K, used 14429K [0x0000000081c00000, 0x0000000086880000, 0x00000000d5f00000)
  object space 78336K, 18% used [0x0000000081c00000,0x0000000082a17750,0x0000000086880000)
 Metaspace       used 34302K, capacity 35320K, committed 35416K, reserved 1081344K
  class space    used 4330K, capacity 4557K, committed 4608K, reserved 1048576K
Event: 5.236 GC heap after
Heap after GC invocations=11 (full 2):
 PSYoungGen      total 199168K, used 0K [0x00000000d5f00000, 0x00000000e5580000, 0x0000000100000000)
  eden space 182272K, 0% used [0x00000000d5f00000,0x00000000d5f00000,0x00000000e1100000)
  from space 16896K, 0% used [0x00000000e1100000,0x00000000e1100000,0x00000000e2180000)
  to   space 16896K, 0% used [0x00000000e4500000,0x00000000e4500000,0x00000000e5580000)
 ParOldGen       total 78336K, used 24600K [0x0000000081c00000, 0x0000000086880000, 0x00000000d5f00000)
  object space 78336K, 31% used [0x0000000081c00000,0x00000000834061d0,0x0000000086880000)
 Metaspace       used 34302K, capacity 35320K, committed 35416K, reserved 1081344K
  class space    used 4330K, capacity 4557K, committed 4608K, reserved 1048576K
}

