# JRE version: Java(TM) SE Runtime Environment (8.0_191-b12) (build 1.8.0_191-b12)
# Java VM: Java HotSpot(TM) 64-Bit Server VM (25.191-b12 mixed mode windows-amd64 compressed oops)
Heap:
 PSYoungGen      total 71680K, used 14256K [0x00000000d5f00000, 0x00000000daa00000, 0x0000000100000000)
  eden space 66560K, 14% used [0x00000000d5f00000,0x00000000d68a64b0,0x00000000da000000)
  from space 5120K, 85% used [0x00000000da000000,0x00000000da445df0,0x00000000da500000)
  to   space 5120K, 0% used [0x00000000da500000,0x00000000da500000,0x00000000daa00000)
 ParOldGen       total 76800K, used 14367K [0x0000000081c00000, 0x0000000086700000, 0x00000000d5f00000)
  object space 76800K, 18% used [0x0000000081c00000,0x0000000082a07f90,0x0000000086700000)
 Metaspace       used 25115K, capacity 25686K, committed 25984K, reserved 1071104K
  class space    used 3165K, capacity 3337K, committed 3456K, reserved 1048576K
GC Heap History (10 events):
Event: 2.133 GC heap before
{Heap before GC invocations=4 (full 0):
 PSYoungGen      total 38400K, used 38385K [0x00000000d5f00000, 0x00000000daa00000, 0x0000000100000000)
  eden space 33280K, 100% used [0x00000000d5f00000,0x00000000d7f80000,0x00000000d7f80000)
  from space 5120K, 99% used [0x00000000d7f80000,0x00000000d847c720,0x00000000d8480000)
  to   space 5120K, 0% used [0x00000000da500000,0x00000000da500000,0x00000000daa00000)
 ParOldGen       total 87552K, used 8251K [0x0000000081c00000, 0x0000000087180000, 0x00000000d5f00000)
  object space 87552K, 9% used [0x0000000081c00000,0x000000008240eca0,0x0000000087180000)
 Metaspace       used 16800K, capacity 17012K, committed 17280K, reserved 1064960K
  class space    used 1997K, capacity 2092K, committed 2176K, reserved 1048576K
Event: 2.141 GC heap after
Heap after GC invocations=4 (full 0):
 PSYoungGen      total 71680K, used 5089K [0x00000000d5f00000, 0x00000000daa00000, 0x0000000100000000)
  eden space 66560K, 0% used [0x00000000d5f00000,0x00000000d5f00000,0x00000000da000000)
  from space 5120K, 99% used [0x00000000da500000,0x00000000da9f8730,0x00000000daa00000)
  to   space 5120K, 0% used [0x00000000da000000,0x00000000da000000,0x00000000da500000)
 ParOldGen       total 87552K, used 11424K [0x0000000081c00000, 0x0000000087180000, 0x00000000d5f00000)
  object space 87552K, 13% used [0x0000000081c00000,0x0000000082728158,0x0000000087180000)
 Metaspace       used 16800K, capacity 17012K, committed 17280K, reserved 1064960K
  class space    used 1997K, capacity 2092K, committed 2176K, reserved 1048576K
}
Event: 2.476 GC heap before
{Heap before GC invocations=5 (full 0):
 PSYoungGen      total 71680K, used 71649K [0x00000000d5f00000, 0x00000000daa00000, 0x0000000100000000)
  eden space 66560K, 100% used [0x00000000d5f00000,0x00000000da000000,0x00000000da000000)
  from space 5120K, 99% used [0x00000000da500000,0x00000000da9f8730,0x00000000daa00000)
  to   space 5120K, 0% used [0x00000000da000000,0x00000000da000000,0x00000000da500000)
 ParOldGen       total 87552K, used 11424K [0x0000000081c00000, 0x0000000087180000, 0x00000000d5f00000)
  object space 87552K, 13% used [0x0000000081c00000,0x0000000082728158,0x0000000087180000)
 Metaspace       used 19958K, capacity 20354K, committed 20608K, reserved 1067008K
  class space    used 2496K, capacity 2615K, committed 2688K, reserved 1048576K
Event: 2.490 GC heap after
Heap after GC invocations=5 (full 0):
 PSYoungGen      total 71680K, used 5106K [0x00000000d5f00000, 0x00000000daa00000, 0x0000000100000000)
  eden space 66560K, 0% used [0x00000000d5f00000,0x00000000d5f00000,0x00000000da000000)
  from space 5120K, 99% used [0x00000000da000000,0x00000000da4fc840,0x00000000da500000)
  to   space 5120K, 0% used [0x00000000da500000,0x00000000da500000,0x00000000daa00000)
 ParOldGen       total 87552K, used 22883K [0x0000000081c00000, 0x0000000087180000, 0x00000000d5f00000)
  object space 87552K, 26% used [0x0000000081c00000,0x0000000083258ed8,0x0000000087180000)
 Metaspace       used 19958K, capacity 20354K, committed 20608K, reserved 1067008K
  class space    used 2496K, capacity 2615K, committed 2688K, reserved 1048576K
}
Event: 2.546 GC heap before
{Heap before GC invocations=6 (full 0):
 PSYoungGen      total 71680K, used 20006K [0x00000000d5f00000, 0x00000000daa00000, 0x0000000100000000)
  eden space 66560K, 22% used [0x00000000d5f00000,0x00000000d6d8d0a0,0x00000000da000000)
  from space 5120K, 99% used [0x00000000da000000,0x00000000da4fc840,0x00000000da500000)
  to   space 5120K, 0% used [0x00000000da500000,0x00000000da500000,0x00000000daa00000)
 ParOldGen       total 87552K, used 22883K [0x0000000081c00000, 0x0000000087180000, 0x00000000d5f00000)
  object space 87552K, 26% used [0x0000000081c00000,0x0000000083258ed8,0x0000000087180000)
 Metaspace       used 20700K, capacity 21148K, committed 21248K, reserved 1067008K
  class space    used 2598K, capacity 2746K, committed 2816K, reserved 1048576K
Event: 2.551 GC heap after
Heap after GC invocations=6 (full 0):
 PSYoungGen      total 71680K, used 5097K [0x00000000d5f00000, 0x00000000daa00000, 0x0000000100000000)
  eden space 66560K, 0% used [0x00000000d5f00000,0x00000000d5f00000,0x00000000da000000)
  from space 5120K, 99% used [0x00000000da500000,0x00000000da9fa4a0,0x00000000daa00000)
  to   space 5120K, 0% used [0x00000000da000000,0x00000000da000000,0x00000000da500000)
 ParOldGen       total 87552K, used 23783K [0x0000000081c00000, 0x0000000087180000, 0x00000000d5f00000)
  object space 87552K, 27% used [0x0000000081c00000,0x0000000083339c58,0x0000000087180000)
 Metaspace       used 20700K, capacity 21148K, committed 21248K, reserved 1067008K
  class space    used 2598K, capacity 2746K, committed 2816K, reserved 1048576K
}
Event: 2.551 GC heap before
{Heap before GC invocations=7 (full 1):
 PSYoungGen      total 71680K, used 5097K [0x00000000d5f00000, 0x00000000daa00000, 0x0000000100000000)
  eden space 66560K, 0% used [0x00000000d5f00000,0x00000000d5f00000,0x00000000da000000)
  from space 5120K, 99% used [0x00000000da500000,0x00000000da9fa4a0,0x00000000daa00000)
  to   space 5120K, 0% used [0x00000000da000000,0x00000000da000000,0x00000000da500000)
 ParOldGen       total 87552K, used 23783K [0x0000000081c00000, 0x0000000087180000, 0x00000000d5f00000)
  object space 87552K, 27% used [0x0000000081c00000,0x0000000083339c58,0x0000000087180000)
 Metaspace       used 20700K, capacity 21148K, committed 21248K, reserved 1067008K
  class space    used 2598K, capacity 2746K, committed 2816K, reserved 1048576K
Event: 2.648 GC heap after
Heap after GC invocations=7 (full 1):
 PSYoungGen      total 71680K, used 0K [0x00000000d5f00000, 0x00000000daa00000, 0x0000000100000000)
  eden space 66560K, 0% used [0x00000000d5f00000,0x00000000d5f00000,0x00000000da000000)
  from space 5120K, 0% used [0x00000000da500000,0x00000000da500000,0x00000000daa00000)
  to   space 5120K, 0% used [0x00000000da000000,0x00000000da000000,0x00000000da500000)
 ParOldGen       total 76800K, used 14367K [0x0000000081c00000, 0x0000000086700000, 0x00000000d5f00000)
  object space 76800K, 18% used [0x0000000081c00000,0x0000000082a07f90,0x0000000086700000)
 Metaspace       used 20698K, capacity 21142K, committed 21248K, reserved 1067008K
  class space    used 2598K, capacity 2745K, committed 2816K, reserved 1048576K
}
Event: 2.951 GC heap before
{Heap before GC invocations=8 (full 1):
 PSYoungGen      total 71680K, used 66560K [0x00000000d5f00000, 0x00000000daa00000, 0x0000000100000000)
  eden space 66560K, 100% used [0x00000000d5f00000,0x00000000da000000,0x00000000da000000)
  from space 5120K, 0% used [0x00000000da500000,0x00000000da500000,0x00000000daa00000)
  to   space 5120K, 0% used [0x00000000da000000,0x00000000da000000,0x00000000da500000)
 ParOldGen       total 76800K, used 14367K [0x0000000081c00000, 0x0000000086700000, 0x00000000d5f00000)
  object space 76800K, 18% used [0x0000000081c00000,0x0000000082a07f90,0x0000000086700000)
 Metaspace       used 24478K, capacity 24962K, committed 25344K, reserved 1071104K
  class space    used 3078K, capacity 3203K, committed 3328K, reserved 1048576K
Event: 2.956 GC heap after
Heap after GC invocations=8 (full 1):
 PSYoungGen      total 71680K, used 4375K [0x00000000d5f00000, 0x00000000daa00000, 0x0000000100000000)
  eden space 66560K, 0% used [0x00000000d5f00000,0x00000000d5f00000,0x00000000da000000)
  from space 5120K, 85% used [0x00000000da000000,0x00000000da445df0,0x00000000da500000)
  to   space 5120K, 0% used [0x00000000da500000,0x00000000da500000,0x00000000daa00000)
 ParOldGen       total 76800K, used 14367K [0x0000000081c00000, 0x0000000086700000, 0x00000000d5f00000)
  object space 76800K, 18% used [0x0000000081c00000,0x0000000082a07f90,0x0000000086700000)
 Metaspace       used 24478K, capacity 24962K, committed 25344K, reserved 1071104K
  class space    used 3078K, capacity 3203K, committed 3328K, reserved 1048576K
}

