# JRE version: Java(TM) SE Runtime Environment (8.0_191-b12) (build 1.8.0_191-b12)
# Java VM: Java HotSpot(TM) 64-Bit Server VM (25.191-b12 mixed mode windows-amd64 compressed oops)
Heap:
 PSYoungGen      total 212992K, used 152907K [0x00000000d5f00000, 0x00000000e4480000, 0x0000000100000000)
  eden space 192512K, 70% used [0x00000000d5f00000,0x00000000de354058,0x00000000e1b00000)
  from space 20480K, 84% used [0x00000000e1c80000,0x00000000e2d7ef40,0x00000000e3080000)
  to   space 15360K, 0% used [0x00000000e3580000,0x00000000e3580000,0x00000000e4480000)
 ParOldGen       total 113152K, used 28244K [0x0000000081c00000, 0x0000000088a80000, 0x00000000d5f00000)
  object space 113152K, 24% used [0x0000000081c00000,0x0000000083795028,0x0000000088a80000)
 Metaspace       used 50064K, capacity 51834K, committed 52176K, reserved 1095680K
  class space    used 6441K, capacity 6755K, committed 6864K, reserved 1048576K
GC Heap History (10 events):
Event: 1.317 GC heap before
{Heap before GC invocations=7 (full 1):
 PSYoungGen      total 151040K, used 5637K [0x00000000d5f00000, 0x00000000e0500000, 0x0000000100000000)
  eden space 133120K, 0% used [0x00000000d5f00000,0x00000000d5f00000,0x00000000de100000)
  from space 17920K, 31% used [0x00000000df380000,0x00000000df9017c0,0x00000000e0500000)
  to   space 18432K, 0% used [0x00000000de100000,0x00000000de100000,0x00000000df300000)
 ParOldGen       total 87552K, used 25881K [0x0000000081c00000, 0x0000000087180000, 0x00000000d5f00000)
  object space 87552K, 29% used [0x0000000081c00000,0x00000000835467e8,0x0000000087180000)
 Metaspace       used 21067K, capacity 21510K, committed 21628K, reserved 1069056K
  class space    used 2715K, capacity 2870K, committed 2940K, reserved 1048576K
Event: 1.405 GC heap after
Heap after GC invocations=7 (full 1):
 PSYoungGen      total 151040K, used 0K [0x00000000d5f00000, 0x00000000e0500000, 0x0000000100000000)
  eden space 133120K, 0% used [0x00000000d5f00000,0x00000000d5f00000,0x00000000de100000)
  from space 17920K, 0% used [0x00000000df380000,0x00000000df380000,0x00000000e0500000)
  to   space 18432K, 0% used [0x00000000de100000,0x00000000de100000,0x00000000df300000)
 ParOldGen       total 77312K, used 16504K [0x0000000081c00000, 0x0000000086780000, 0x00000000d5f00000)
  object space 77312K, 21% used [0x0000000081c00000,0x0000000082c1e308,0x0000000086780000)
 Metaspace       used 21065K, capacity 21504K, committed 21628K, reserved 1069056K
  class space    used 2715K, capacity 2869K, committed 2940K, reserved 1048576K
}
Event: 2.290 GC heap before
{Heap before GC invocations=8 (full 1):
 PSYoungGen      total 151040K, used 133120K [0x00000000d5f00000, 0x00000000e0500000, 0x0000000100000000)
  eden space 133120K, 100% used [0x00000000d5f00000,0x00000000de100000,0x00000000de100000)
  from space 17920K, 0% used [0x00000000df380000,0x00000000df380000,0x00000000e0500000)
  to   space 18432K, 0% used [0x00000000de100000,0x00000000de100000,0x00000000df300000)
 ParOldGen       total 77312K, used 16504K [0x0000000081c00000, 0x0000000086780000, 0x00000000d5f00000)
  object space 77312K, 21% used [0x0000000081c00000,0x0000000082c1e308,0x0000000086780000)
 Metaspace       used 28334K, capacity 29070K, committed 29308K, reserved 1075200K
  class space    used 3660K, capacity 3849K, committed 3964K, reserved 1048576K
Event: 2.299 GC heap after
Heap after GC invocations=8 (full 1):
 PSYoungGen      total 151552K, used 13319K [0x00000000d5f00000, 0x00000000e4880000, 0x0000000100000000)
  eden space 133120K, 0% used [0x00000000d5f00000,0x00000000d5f00000,0x00000000de100000)
  from space 18432K, 72% used [0x00000000de100000,0x00000000dee01da8,0x00000000df300000)
  to   space 19456K, 0% used [0x00000000e3580000,0x00000000e3580000,0x00000000e4880000)
 ParOldGen       total 77312K, used 16512K [0x0000000081c00000, 0x0000000086780000, 0x00000000d5f00000)
  object space 77312K, 21% used [0x0000000081c00000,0x0000000082c20308,0x0000000086780000)
 Metaspace       used 28334K, capacity 29070K, committed 29308K, reserved 1075200K
  class space    used 3660K, capacity 3849K, committed 3964K, reserved 1048576K
}
Event: 3.288 GC heap before
{Heap before GC invocations=9 (full 1):
 PSYoungGen      total 151552K, used 133844K [0x00000000d5f00000, 0x00000000e4880000, 0x0000000100000000)
  eden space 133120K, 90% used [0x00000000d5f00000,0x00000000dd4b33c8,0x00000000de100000)
  from space 18432K, 72% used [0x00000000de100000,0x00000000dee01da8,0x00000000df300000)
  to   space 19456K, 0% used [0x00000000e3580000,0x00000000e3580000,0x00000000e4880000)
 ParOldGen       total 77312K, used 16512K [0x0000000081c00000, 0x0000000086780000, 0x00000000d5f00000)
  object space 77312K, 21% used [0x0000000081c00000,0x0000000082c20308,0x0000000086780000)
 Metaspace       used 34773K, capacity 35904K, committed 36048K, reserved 1081344K
  class space    used 4475K, capacity 4762K, committed 4816K, reserved 1048576K
Event: 3.298 GC heap after
Heap after GC invocations=9 (full 1):
 PSYoungGen      total 207872K, used 15099K [0x00000000d5f00000, 0x00000000e4480000, 0x0000000100000000)
  eden space 192512K, 0% used [0x00000000d5f00000,0x00000000d5f00000,0x00000000e1b00000)
  from space 15360K, 98% used [0x00000000e3580000,0x00000000e443ef18,0x00000000e4480000)
  to   space 20480K, 0% used [0x00000000e1c80000,0x00000000e1c80000,0x00000000e3080000)
 ParOldGen       total 77312K, used 16520K [0x0000000081c00000, 0x0000000086780000, 0x00000000d5f00000)
  object space 77312K, 21% used [0x0000000081c00000,0x0000000082c22308,0x0000000086780000)
 Metaspace       used 34773K, capacity 35904K, committed 36048K, reserved 1081344K
  class space    used 4475K, capacity 4762K, committed 4816K, reserved 1048576K
}
Event: 3.298 GC heap before
{Heap before GC invocations=10 (full 2):
 PSYoungGen      total 207872K, used 15099K [0x00000000d5f00000, 0x00000000e4480000, 0x0000000100000000)
  eden space 192512K, 0% used [0x00000000d5f00000,0x00000000d5f00000,0x00000000e1b00000)
  from space 15360K, 98% used [0x00000000e3580000,0x00000000e443ef18,0x00000000e4480000)
  to   space 20480K, 0% used [0x00000000e1c80000,0x00000000e1c80000,0x00000000e3080000)
 ParOldGen       total 77312K, used 16520K [0x0000000081c00000, 0x0000000086780000, 0x00000000d5f00000)
  object space 77312K, 21% used [0x0000000081c00000,0x0000000082c22308,0x0000000086780000)
 Metaspace       used 34773K, capacity 35904K, committed 36048K, reserved 1081344K
  class space    used 4475K, capacity 4762K, committed 4816K, reserved 1048576K
Event: 3.373 GC heap after
Heap after GC invocations=10 (full 2):
 PSYoungGen      total 207872K, used 0K [0x00000000d5f00000, 0x00000000e4480000, 0x0000000100000000)
  eden space 192512K, 0% used [0x00000000d5f00000,0x00000000d5f00000,0x00000000e1b00000)
  from space 15360K, 0% used [0x00000000e3580000,0x00000000e3580000,0x00000000e4480000)
  to   space 20480K, 0% used [0x00000000e1c80000,0x00000000e1c80000,0x00000000e3080000)
 ParOldGen       total 113152K, used 28236K [0x0000000081c00000, 0x0000000088a80000, 0x00000000d5f00000)
  object space 113152K, 24% used [0x0000000081c00000,0x0000000083793028,0x0000000088a80000)
 Metaspace       used 34773K, capacity 35904K, committed 36048K, reserved 1081344K
  class space    used 4475K, capacity 4762K, committed 4816K, reserved 1048576K
}
Event: 5.222 GC heap before
{Heap before GC invocations=11 (full 2):
 PSYoungGen      total 207872K, used 192512K [0x00000000d5f00000, 0x00000000e4480000, 0x0000000100000000)
  eden space 192512K, 100% used [0x00000000d5f00000,0x00000000e1b00000,0x00000000e1b00000)
  from space 15360K, 0% used [0x00000000e3580000,0x00000000e3580000,0x00000000e4480000)
  to   space 20480K, 0% used [0x00000000e1c80000,0x00000000e1c80000,0x00000000e3080000)
 ParOldGen       total 113152K, used 28236K [0x0000000081c00000, 0x0000000088a80000, 0x00000000d5f00000)
  object space 113152K, 24% used [0x0000000081c00000,0x0000000083793028,0x0000000088a80000)
 Metaspace       used 45158K, capacity 46860K, committed 47184K, reserved 1089536K
  class space    used 5823K, capacity 6156K, committed 6224K, reserved 1048576K
Event: 5.238 GC heap after
Heap after GC invocations=11 (full 2):
 PSYoungGen      total 212992K, used 17403K [0x00000000d5f00000, 0x00000000e4480000, 0x0000000100000000)
  eden space 192512K, 0% used [0x00000000d5f00000,0x00000000d5f00000,0x00000000e1b00000)
  from space 20480K, 84% used [0x00000000e1c80000,0x00000000e2d7ef40,0x00000000e3080000)
  to   space 15360K, 0% used [0x00000000e3580000,0x00000000e3580000,0x00000000e4480000)
 ParOldGen       total 113152K, used 28244K [0x0000000081c00000, 0x0000000088a80000, 0x00000000d5f00000)
  object space 113152K, 24% used [0x0000000081c00000,0x0000000083795028,0x0000000088a80000)
 Metaspace       used 45158K, capacity 46860K, committed 47184K, reserved 1089536K
  class space    used 5823K, capacity 6156K, committed 6224K, reserved 1048576K
}

